<?xml version="1.0" encoding="UTF-8"?>
<testng-results ignored="0" total="1" passed="1" failed="0" skipped="0">
  <reporter-output>
  </reporter-output>
  <suite started-at="2025-11-15T15:43:11 IST" name="Default suite" finished-at="2025-11-15T15:43:37 IST" duration-ms="26045">
    <groups>
    </groups>
    <test started-at="2025-11-15T15:43:11 IST" name="Default test" finished-at="2025-11-15T15:43:37 IST" duration-ms="26045">
      <class name="RealDevice.InstallAPK">
        <test-method signature="demo()[pri:0, instance:RealDevice.InstallAPK@51399530]" started-at="2025-11-15T15:43:11 IST" name="demo" finished-at="2025-11-15T15:43:37 IST" duration-ms="25979" status="PASS">
          <reporter-output>
          </reporter-output>
        </test-method> <!-- demo -->
      </class> <!-- RealDevice.InstallAPK -->
    </test> <!-- Default test -->
  </suite> <!-- Default suite -->
</testng-results>
