<?xml version="1.0" encoding="UTF-8"?>
<testng-results ignored="0" total="1" passed="1" failed="0" skipped="0">
  <reporter-output>
  </reporter-output>
  <suite started-at="2025-11-15T01:09:48 IST" name="Default suite" finished-at="2025-11-15T01:10:02 IST" duration-ms="14690">
    <groups>
    </groups>
    <test started-at="2025-11-15T01:09:48 IST" name="Default test" finished-at="2025-11-15T01:10:02 IST" duration-ms="14690">
      <class name="com.me1.practice.ROBOT">
        <test-method signature="rbt()[pri:0, instance:com.me1.practice.ROBOT@408d971b]" started-at="2025-11-15T01:09:48 IST" name="rbt" finished-at="2025-11-15T01:10:02 IST" duration-ms="14608" status="PASS">
          <reporter-output>
          </reporter-output>
        </test-method> <!-- rbt -->
      </class> <!-- com.me1.practice.ROBOT -->
    </test> <!-- Default test -->
  </suite> <!-- Default suite -->
</testng-results>
