<?xml version="1.0" encoding="UTF-8"?>
<testng-results ignored="0" total="1" passed="1" failed="0" skipped="0">
  <reporter-output>
  </reporter-output>
  <suite started-at="2025-11-04T19:01:48 IST" name="Default suite" finished-at="2025-11-04T19:01:51 IST" duration-ms="2870">
    <groups>
    </groups>
    <test started-at="2025-11-04T19:01:48 IST" name="Default test" finished-at="2025-11-04T19:01:51 IST" duration-ms="2870">
      <class name="ReqChaining.Post_Get_Put_Delete">
        <test-method signature="post()[pri:0, instance:ReqChaining.Post_Get_Put_Delete@5656be13]" started-at="2025-11-04T19:01:48 IST" name="post" finished-at="2025-11-04T19:01:51 IST" duration-ms="2806" status="PASS">
          <reporter-output>
          </reporter-output>
        </test-method> <!-- post -->
      </class> <!-- ReqChaining.Post_Get_Put_Delete -->
    </test> <!-- Default test -->
  </suite> <!-- Default suite -->
</testng-results>
