<?xml version="1.0" encoding="UTF-8"?>
<!-- Generated by org.testng.reporters.JUnitReportReporter -->
<testsuite hostname="Ausaf-142" failures="0" tests="4" name="TestNG_advantages.Test1" time="2.108" errors="0" timestamp="2025-11-02T18:34:00 IST" skipped="0">
  <testcase classname="TestNG_advantages.Test1" name="pyspider" time="0.004"/>
  <testcase classname="TestNG_advantages.Test1" name="test1" time="2.074"/>
  <testcase classname="TestNG_advantages.Test1" name="jspider" time="0.026"/>
  <testcase classname="TestNG_advantages.Test1" name="qspider" time="0.004"/>
</testsuite> <!-- TestNG_advantages.Test1 -->
