<?xml version="1.0" encoding="UTF-8"?>
<!-- Generated by org.testng.reporters.JUnitReportReporter -->
<testsuite hostname="Ausaf-142" failures="0" tests="3" name="com.me1.practice.NG_annotation" time="0.013" errors="0" timestamp="2025-10-06T22:31:45 IST" skipped="0">
  <testcase classname="com.me1.practice.NG_annotation" name="test3" time="0.001"/>
  <testcase classname="com.me1.practice.NG_annotation" name="test1" time="0.011"/>
  <testcase classname="com.me1.practice.NG_annotation" name="test2" time="0.001"/>
</testsuite> <!-- com.me1.practice.NG_annotation -->
