<?xml version="1.0" encoding="UTF-8"?>
<!-- Generated by org.testng.reporters.JUnitReportReporter -->
<testsuite hostname="Ausaf-142" failures="0" tests="4" name="TestNG_advantages.Test2" time="17.768" errors="0" timestamp="2025-11-02T18:39:02 IST" skipped="0">
  <testcase classname="TestNG_advantages.Test2" name="setup" time="2.194"/>
  <testcase classname="TestNG_advantages.Test2" name="test2" time="5.715"/>
  <testcase classname="TestNG_advantages.Test2" name="setup" time="8.359"/>
  <testcase classname="TestNG_advantages.Test2" name="test2" time="1.500"/>
</testsuite> <!-- TestNG_advantages.Test2 -->
