<?xml version="1.0" encoding="UTF-8"?>
<!-- Generated by org.testng.reporters.JUnitXMLReporter -->
<testsuite ignored="0" hostname="Ausaf-142" failures="0" tests="4" name="Test1" time="2.317" errors="0" timestamp="2025-11-02T18:33:57 IST">
  <testcase classname="TestNG_advantages.Test1" name="jspider" time="0.026"/>
  <testcase classname="TestNG_advantages.Test1" name="pyspider" time="0.004"/>
  <testcase classname="TestNG_advantages.Test1" name="qspider" time="0.004"/>
  <testcase classname="TestNG_advantages.Test1" name="test1" time="2.074"/>
</testsuite> <!-- Test1 -->
